[2026-06-18 10:01:52] officer=FKUSR02263 zone=T Mariyappa Road, Block 1, Jayanagar East, Bengaluru, Karnataka. Pin-560011 (India) status=delivered recipient=+918148091513 error=n/a
[2026-06-18 10:01:53] officer=FKUSR00244 zone=8th Cross Road, RR Palace, Malleshwaram, Bengaluru, Karnataka. Pin-560003 (India) status=delivered recipient=+918148091513 error=n/a
[2026-06-18 10:01:54] officer=FKUSR01448 zone=Field Marshal KM Cariappa Road, St Patricks Complex, Ashok Nagar, Bengaluru, Karnataka. Pin-560025 (India) status=delivered recipient=+918148091513 error=n/a
[2026-06-18 12:00:00] officer=FKUSR00393 zone=KR Market Pedestrian Subway, City Market Circle, Bengaluru, Karnataka. Pin-560002 (India) status=failed (missing recipient phone) recipient=n/a error=No recipient phone number available for this officer.
[2026-06-18 12:00:00] officer=FKUSR01334 zone=Hoodi Main Road, Godrej Air Nxt, Hoodi, Bengaluru, Karnataka. Pin-560048 (India) status=failed (missing recipient phone) recipient=n/a error=No recipient phone number available for this officer.
[2026-06-18 12:00:00] officer=FKUSR02109 zone=HAL Airport Road, Ashwath Nagar, Marathahalli, Bengaluru, Karnataka. Pin-560037 (India) status=failed (missing recipient phone) recipient=n/a error=No recipient phone number available for this officer.
[2026-06-18 16:35:29] officer=FKUSR02645 zone=KR Main Road, City Market Circle, Bengaluru, Karnataka. Pin-560002 (India) status=delivered recipient=+918148091513 error=n/a
[2026-06-18 16:35:30] officer=FKUSR00266 zone=Kempegowda Road, Kempe Gowda Circle, Gandhi Nagar, Bengaluru, Karnataka. Pin-560009 (India) status=delivered recipient=+918148091513 error=n/a
[2026-06-18 16:35:31] officer=FKUSR02645 zone=KR Main Road, City Market Circle, Bengaluru, Karnataka. Pin-560002 (India) status=delivered recipient=+918148091513 error=n/a
[2026-06-18 16:35:36] officer=FKUSR02645 zone=KR Main Road, City Market Circle, Bengaluru, Karnataka. Pin-560002 (India) status=delivered recipient=+918148091513 error=n/a
[2026-06-18 16:35:36] officer=FKUSR00266 zone=Kempegowda Road, Kempe Gowda Circle, Gandhi Nagar, Bengaluru, Karnataka. Pin-560009 (India) status=delivered recipient=+918148091513 error=n/a
[2026-06-18 16:35:37] officer=FKUSR02645 zone=KR Main Road, City Market Circle, Bengaluru, Karnataka. Pin-560002 (India) status=delivered recipient=+918148091513 error=n/a
[2026-06-18 16:56:32] officer=FKUSR02645 zone=KR Main Road, City Market Circle, Bengaluru, Karnataka. Pin-560002 (India) status=delivered recipient=+918148091513 error=n/a
[2026-06-18 16:56:35] officer=FKUSR00266 zone=Kempegowda Road, Kempe Gowda Circle, Gandhi Nagar, Bengaluru, Karnataka. Pin-560009 (India) status=delivered recipient=+918148091513 error=n/a
[2026-06-18 16:56:36] officer=FKUSR02645 zone=KR Main Road, City Market Circle, Bengaluru, Karnataka. Pin-560002 (India) status=delivered recipient=+918148091513 error=n/a
[2026-06-18 17:00:03] officer=FKUSR00575 zone=KR Main Road, City Market Circle, Bengaluru, Karnataka. Pin-560002 (India) status=failed (missing recipient phone) recipient=n/a error=No recipient phone number available for this officer.
[2026-06-18 17:00:03] officer=FKUSR00575 zone=KR Main Road, City Market Circle, Bengaluru, Karnataka. Pin-560002 (India) status=failed (missing recipient phone) recipient=n/a error=No recipient phone number available for this officer.
[2026-06-18 17:00:04] officer=FKUSR01561 zone=KR Main Road, City Market Circle, Bengaluru, Karnataka. Pin-560002 (India) status=failed (missing recipient phone) recipient=n/a error=No recipient phone number available for this officer.
[2026-06-18 18:00:01] officer=FKUSR00810 zone=Old Madras Road, Skyline Atlantis Apartment, Pai Layout, Mahadevapura, Bengaluru, Karnataka. Pin-560016 (India) status=failed (missing recipient phone) recipient=n/a error=No recipient phone number available for this officer.
[2026-06-18 18:00:01] officer=FKUSR00894 zone=Bagalur Road, New Bagalur Layout, Lingarajapuram, Bengaluru, Karnataka. Pin-560084 (India) status=failed (missing recipient phone) recipient=n/a error=No recipient phone number available for this officer.
[2026-06-18 18:00:02] officer=FKUSR00810 zone=Old Madras Road, Skyline Atlantis Apartment, Pai Layout, Mahadevapura, Bengaluru, Karnataka. Pin-560016 (India) status=failed (Dispatch SMS failed for FKUSR00810: TwilioRestException: 
[31m[49mHTTP Error[0m [37m[49mYour request was:[0m

[36m[49mPOST /Accounts/AC5c8016795fa084171c520f3e6ab645aa/Messages.json[0m

[37m[49mTwilio returned the following information:[0m

[34m[49mUnable to create record: Authenticate[0m

[37m[49mMore information may be available here:[0m

[34m[49mhttps://www.twilio.com/docs/errors/20003[0m

) recipient=+918148091513 error=Dispatch SMS failed for FKUSR00810: TwilioRestException: 
[31m[49mHTTP Error[0m [37m[49mYour request was:[0m

[36m[49mPOST /Accounts/AC5c8016795fa084171c520f3e6ab645aa/Messages.json[0m

[37m[49mTwilio returned the following information:[0m

[34m[49mUnable to create record: Authenticate[0m

[37m[49mMore information may be available here:[0m

[34m[49mhttps://www.twilio.com/docs/errors/20003[0m


[2026-06-18 18:00:02] officer=FKUSR00894 zone=Bagalur Road, New Bagalur Layout, Lingarajapuram, Bengaluru, Karnataka. Pin-560084 (India) status=failed (missing recipient phone) recipient=n/a error=No recipient phone number available for this officer.
[2026-06-18 18:00:02] officer=FKUSR00894 zone=Bagalur Road, New Bagalur Layout, Lingarajapuram, Bengaluru, Karnataka. Pin-560084 (India) status=failed (Dispatch SMS failed for FKUSR00894: TwilioRestException: 
[31m[49mHTTP Error[0m [37m[49mYour request was:[0m

[36m[49mPOST /Accounts/AC5c8016795fa084171c520f3e6ab645aa/Messages.json[0m

[37m[49mTwilio returned the following information:[0m

[34m[49mUnable to create record: Authenticate[0m

[37m[49mMore information may be available here:[0m

[34m[49mhttps://www.twilio.com/docs/errors/20003[0m

) recipient=+918148091513 error=Dispatch SMS failed for FKUSR00894: TwilioRestException: 
[31m[49mHTTP Error[0m [37m[49mYour request was:[0m

[36m[49mPOST /Accounts/AC5c8016795fa084171c520f3e6ab645aa/Messages.json[0m

[37m[49mTwilio returned the following information:[0m

[34m[49mUnable to create record: Authenticate[0m

[37m[49mMore information may be available here:[0m

[34m[49mhttps://www.twilio.com/docs/errors/20003[0m


[2026-06-18 18:00:04] officer=FKUSR00894 zone=Bagalur Road, New Bagalur Layout, Lingarajapuram, Bengaluru, Karnataka. Pin-560084 (India) status=failed (Dispatch SMS failed for FKUSR00894: TwilioRestException: 
[31m[49mHTTP Error[0m [37m[49mYour request was:[0m

[36m[49mPOST /Accounts/AC5c8016795fa084171c520f3e6ab645aa/Messages.json[0m

[37m[49mTwilio returned the following information:[0m

[34m[49mUnable to create record: Authenticate[0m

[37m[49mMore information may be available here:[0m

[34m[49mhttps://www.twilio.com/docs/errors/20003[0m

) recipient=+918148091513 error=Dispatch SMS failed for FKUSR00894: TwilioRestException: 
[31m[49mHTTP Error[0m [37m[49mYour request was:[0m

[36m[49mPOST /Accounts/AC5c8016795fa084171c520f3e6ab645aa/Messages.json[0m

[37m[49mTwilio returned the following information:[0m

[34m[49mUnable to create record: Authenticate[0m

[37m[49mMore information may be available here:[0m

[34m[49mhttps://www.twilio.com/docs/errors/20003[0m


[2026-06-18 18:17:46] officer=FKUSR00810 zone=Old Madras Road, Skyline Atlantis Apartment, Pai Layout, Mahadevapura, Bengaluru, Karnataka. Pin-560016 (India) status=failed (Dispatch SMS failed for FKUSR00810: TwilioRestException: 
[31m[49mHTTP Error[0m [37m[49mYour request was:[0m

[36m[49mPOST /Accounts/your_account_sid/Messages.json[0m

[37m[49mTwilio returned the following information:[0m

[34m[49mUnable to create record: Authentication Error - invalid username[0m

[37m[49mMore information may be available here:[0m

[34m[49mhttps://www.twilio.com/docs/errors/20003[0m

) recipient=your_mobile_number error=Dispatch SMS failed for FKUSR00810: TwilioRestException: 
[31m[49mHTTP Error[0m [37m[49mYour request was:[0m

[36m[49mPOST /Accounts/your_account_sid/Messages.json[0m

[37m[49mTwilio returned the following information:[0m

[34m[49mUnable to create record: Authentication Error - invalid username[0m

[37m[49mMore information may be available here:[0m

[34m[49mhttps://www.twilio.com/docs/errors/20003[0m


[2026-06-18 18:17:47] officer=FKUSR00894 zone=Bagalur Road, New Bagalur Layout, Lingarajapuram, Bengaluru, Karnataka. Pin-560084 (India) status=failed (Dispatch SMS failed for FKUSR00894: TwilioRestException: 
[31m[49mHTTP Error[0m [37m[49mYour request was:[0m

[36m[49mPOST /Accounts/your_account_sid/Messages.json[0m

[37m[49mTwilio returned the following information:[0m

[34m[49mUnable to create record: Authentication Error - invalid username[0m

[37m[49mMore information may be available here:[0m

[34m[49mhttps://www.twilio.com/docs/errors/20003[0m

) recipient=your_mobile_number error=Dispatch SMS failed for FKUSR00894: TwilioRestException: 
[31m[49mHTTP Error[0m [37m[49mYour request was:[0m

[36m[49mPOST /Accounts/your_account_sid/Messages.json[0m

[37m[49mTwilio returned the following information:[0m

[34m[49mUnable to create record: Authentication Error - invalid username[0m

[37m[49mMore information may be available here:[0m

[34m[49mhttps://www.twilio.com/docs/errors/20003[0m


[2026-06-18 18:17:48] officer=FKUSR00894 zone=Bagalur Road, New Bagalur Layout, Lingarajapuram, Bengaluru, Karnataka. Pin-560084 (India) status=failed (Dispatch SMS failed for FKUSR00894: TwilioRestException: 
[31m[49mHTTP Error[0m [37m[49mYour request was:[0m

[36m[49mPOST /Accounts/your_account_sid/Messages.json[0m

[37m[49mTwilio returned the following information:[0m

[34m[49mUnable to create record: Authentication Error - invalid username[0m

[37m[49mMore information may be available here:[0m

[34m[49mhttps://www.twilio.com/docs/errors/20003[0m

) recipient=your_mobile_number error=Dispatch SMS failed for FKUSR00894: TwilioRestException: 
[31m[49mHTTP Error[0m [37m[49mYour request was:[0m

[36m[49mPOST /Accounts/your_account_sid/Messages.json[0m

[37m[49mTwilio returned the following information:[0m

[34m[49mUnable to create record: Authentication Error - invalid username[0m

[37m[49mMore information may be available here:[0m

[34m[49mhttps://www.twilio.com/docs/errors/20003[0m


[2026-06-18 19:00:02] run_dispatch_cycle: scheduler request failed: HTTPConnectionPool(host='127.0.0.1', port=8000): Max retries exceeded with url: /api/scheduler?hour=19&day=3&limit=3 (Caused by NewConnectionError("HTTPConnection(host='127.0.0.1', port=8000): Failed to establish a new connection: [WinError 10061] No connection could be made because the target machine actively refused it"))
